# JRE version: OpenJDK Runtime Environment (8.0_202-b03) (build 1.8.0_202-release-1483-b03)
# Java VM: OpenJDK 64-Bit Server VM (25.202-b03 mixed mode windows-amd64 compressed oops)
Heap:
 PSYoungGen      total 116224K, used 50474K [0x00000000e0000000, 0x00000000e9d00000, 0x0000000100000000)
  eden space 108032K, 46% used [0x00000000e0000000,0x00000000e314ab08,0x00000000e6980000)
  from space 8192K, 0% used [0x00000000e6980000,0x00000000e6980000,0x00000000e7180000)
  to   space 12800K, 0% used [0x00000000e9080000,0x00000000e9080000,0x00000000e9d00000)
 ParOldGen       total 48640K, used 30401K [0x00000000a0000000, 0x00000000a2f80000, 0x00000000e0000000)
  object space 48640K, 62% used [0x00000000a0000000,0x00000000a1db0710,0x00000000a2f80000)
 Metaspace       used 59970K, capacity 62088K, committed 62168K, reserved 1103872K
  class space    used 8189K, capacity 8655K, committed 8704K, reserved 1048576K
GC Heap History (10 events):
Event: 10.440 GC heap before
{Heap before GC invocations=16 (full 2):
 PSYoungGen      total 115712K, used 352K [0x00000000e0000000, 0x00000000e7d80000, 0x0000000100000000)
  eden space 108032K, 0% used [0x00000000e0000000,0x00000000e0000000,0x00000000e6980000)
  from space 7680K, 4% used [0x00000000e7180000,0x00000000e71d8000,0x00000000e7900000)
  to   space 8192K, 0% used [0x00000000e6980000,0x00000000e6980000,0x00000000e7180000)
 ParOldGen       total 30720K, used 16729K [0x00000000a0000000, 0x00000000a1e00000, 0x00000000e0000000)
  object space 30720K, 54% used [0x00000000a0000000,0x00000000a1056780,0x00000000a1e00000)
 Metaspace       used 34297K, capacity 35384K, committed 35456K, reserved 1079296K
  class space    used 4730K, capacity 4978K, committed 4992K, reserved 1048576K
Event: 10.546 GC heap after
Heap after GC invocations=16 (full 2):
 PSYoungGen      total 115712K, used 0K [0x00000000e0000000, 0x00000000e7d80000, 0x0000000100000000)
  eden space 108032K, 0% used [0x00000000e0000000,0x00000000e0000000,0x00000000e6980000)
  from space 7680K, 0% used [0x00000000e7180000,0x00000000e7180000,0x00000000e7900000)
  to   space 8192K, 0% used [0x00000000e6980000,0x00000000e6980000,0x00000000e7180000)
 ParOldGen       total 48640K, used 15972K [0x00000000a0000000, 0x00000000a2f80000, 0x00000000e0000000)
  object space 48640K, 32% used [0x00000000a0000000,0x00000000a0f990b8,0x00000000a2f80000)
 Metaspace       used 34270K, capacity 35294K, committed 35456K, reserved 1079296K
  class space    used 4722K, capacity 4963K, committed 4992K, reserved 1048576K
}
Event: 12.515 GC heap before
{Heap before GC invocations=17 (full 2):
 PSYoungGen      total 115712K, used 108032K [0x00000000e0000000, 0x00000000e7d80000, 0x0000000100000000)
  eden space 108032K, 100% used [0x00000000e0000000,0x00000000e6980000,0x00000000e6980000)
  from space 7680K, 0% used [0x00000000e7180000,0x00000000e7180000,0x00000000e7900000)
  to   space 8192K, 0% used [0x00000000e6980000,0x00000000e6980000,0x00000000e7180000)
 ParOldGen       total 48640K, used 15972K [0x00000000a0000000, 0x00000000a2f80000, 0x00000000e0000000)
  object space 48640K, 32% used [0x00000000a0000000,0x00000000a0f990b8,0x00000000a2f80000)
 Metaspace       used 44729K, capacity 45986K, committed 46336K, reserved 1089536K
  class space    used 6025K, capacity 6330K, committed 6400K, reserved 1048576K
Event: 12.527 GC heap after
Heap after GC invocations=17 (full 2):
 PSYoungGen      total 116224K, used 8173K [0x00000000e0000000, 0x00000000ea500000, 0x0000000100000000)
  eden space 108032K, 0% used [0x00000000e0000000,0x00000000e0000000,0x00000000e6980000)
  from space 8192K, 99% used [0x00000000e6980000,0x00000000e717b488,0x00000000e7180000)
  to   space 11776K, 0% used [0x00000000e9980000,0x00000000e9980000,0x00000000ea500000)
 ParOldGen       total 48640K, used 22515K [0x00000000a0000000, 0x00000000a2f80000, 0x00000000e0000000)
  object space 48640K, 46% used [0x00000000a0000000,0x00000000a15fcd78,0x00000000a2f80000)
 Metaspace       used 44729K, capacity 45986K, committed 46336K, reserved 1089536K
  class space    used 6025K, capacity 6330K, committed 6400K, reserved 1048576K
}
Event: 15.403 GC heap before
{Heap before GC invocations=18 (full 2):
 PSYoungGen      total 116224K, used 116205K [0x00000000e0000000, 0x00000000ea500000, 0x0000000100000000)
  eden space 108032K, 100% used [0x00000000e0000000,0x00000000e6980000,0x00000000e6980000)
  from space 8192K, 99% used [0x00000000e6980000,0x00000000e717b488,0x00000000e7180000)
  to   space 11776K, 0% used [0x00000000e9980000,0x00000000e9980000,0x00000000ea500000)
 ParOldGen       total 48640K, used 22515K [0x00000000a0000000, 0x00000000a2f80000, 0x00000000e0000000)
  object space 48640K, 46% used [0x00000000a0000000,0x00000000a15fcd78,0x00000000a2f80000)
 Metaspace       used 54826K, capacity 56620K, committed 56832K, reserved 1097728K
  class space    used 7375K, capacity 7812K, committed 7936K, reserved 1048576K
Event: 15.575 GC heap after
Heap after GC invocations=18 (full 2):
 PSYoungGen      total 119808K, used 10708K [0x00000000e0000000, 0x00000000ea500000, 0x0000000100000000)
  eden space 108032K, 0% used [0x00000000e0000000,0x00000000e0000000,0x00000000e6980000)
  from space 11776K, 90% used [0x00000000e9980000,0x00000000ea3f5350,0x00000000ea500000)
  to   space 8192K, 0% used [0x00000000e6980000,0x00000000e6980000,0x00000000e7180000)
 ParOldGen       total 48640K, used 29767K [0x00000000a0000000, 0x00000000a2f80000, 0x00000000e0000000)
  object space 48640K, 61% used [0x00000000a0000000,0x00000000a1d11dc0,0x00000000a2f80000)
 Metaspace       used 54826K, capacity 56620K, committed 56832K, reserved 1097728K
  class space    used 7375K, capacity 7812K, committed 7936K, reserved 1048576K
}
Event: 16.409 GC heap before
{Heap before GC invocations=19 (full 2):
 PSYoungGen      total 119808K, used 43901K [0x00000000e0000000, 0x00000000ea500000, 0x0000000100000000)
  eden space 108032K, 30% used [0x00000000e0000000,0x00000000e206a3d0,0x00000000e6980000)
  from space 11776K, 90% used [0x00000000e9980000,0x00000000ea3f5350,0x00000000ea500000)
  to   space 8192K, 0% used [0x00000000e6980000,0x00000000e6980000,0x00000000e7180000)
 ParOldGen       total 48640K, used 29767K [0x00000000a0000000, 0x00000000a2f80000, 0x00000000e0000000)
  object space 48640K, 61% used [0x00000000a0000000,0x00000000a1d11dc0,0x00000000a2f80000)
 Metaspace       used 57247K, capacity 59014K, committed 59096K, reserved 1099776K
  class space    used 7725K, capacity 8167K, committed 8192K, reserved 1048576K
Event: 16.422 GC heap after
Heap after GC invocations=19 (full 2):
 PSYoungGen      total 116224K, used 4372K [0x00000000e0000000, 0x00000000e9d00000, 0x0000000100000000)
  eden space 108032K, 0% used [0x00000000e0000000,0x00000000e0000000,0x00000000e6980000)
  from space 8192K, 53% used [0x00000000e6980000,0x00000000e6dc5228,0x00000000e7180000)
  to   space 12800K, 0% used [0x00000000e9080000,0x00000000e9080000,0x00000000e9d00000)
 ParOldGen       total 48640K, used 33624K [0x00000000a0000000, 0x00000000a2f80000, 0x00000000e0000000)
  object space 48640K, 69% used [0x00000000a0000000,0x00000000a20d6010,0x00000000a2f80000)
 Metaspace       used 57247K, capacity 59014K, committed 59096K, reserved 1099776K
  class space    used 7725K, capacity 8167K, committed 8192K, reserved 1048576K
}
Event: 16.423 GC heap before
{Heap before GC invocations=20 (full 3):
 PSYoungGen      total 116224K, used 4372K [0x00000000e0000000, 0x00000000e9d00000, 0x0000000100000000)
  eden space 108032K, 0% used [0x00000000e0000000,0x00000000e0000000,0x00000000e6980000)
  from space 8192K, 53% used [0x00000000e6980000,0x00000000e6dc5228,0x00000000e7180000)
  to   space 12800K, 0% used [0x00000000e9080000,0x00000000e9080000,0x00000000e9d00000)
 ParOldGen       total 48640K, used 33624K [0x00000000a0000000, 0x00000000a2f80000, 0x00000000e0000000)
  object space 48640K, 69% used [0x00000000a0000000,0x00000000a20d6010,0x00000000a2f80000)
 Metaspace       used 57247K, capacity 59014K, committed 59096K, reserved 1099776K
  class space    used 7725K, capacity 8167K, committed 8192K, reserved 1048576K
Event: 16.906 GC heap after
Heap after GC invocations=20 (full 3):
 PSYoungGen      total 116224K, used 0K [0x00000000e0000000, 0x00000000e9d00000, 0x0000000100000000)
  eden space 108032K, 0% used [0x00000000e0000000,0x00000000e0000000,0x00000000e6980000)
  from space 8192K, 0% used [0x00000000e6980000,0x00000000e6980000,0x00000000e7180000)
  to   space 12800K, 0% used [0x00000000e9080000,0x00000000e9080000,0x00000000e9d00000)
 ParOldGen       total 48640K, used 30401K [0x00000000a0000000, 0x00000000a2f80000, 0x00000000e0000000)
  object space 48640K, 62% used [0x00000000a0000000,0x00000000a1db0710,0x00000000a2f80000)
 Metaspace       used 57247K, capacity 59014K, committed 59096K, reserved 1099776K
  class space    used 7725K, capacity 8167K, committed 8192K, reserved 1048576K
}

