# JRE version: OpenJDK Runtime Environment (8.0_202-b03) (build 1.8.0_202-release-1483-b03)
# Java VM: OpenJDK 64-Bit Server VM (25.202-b03 mixed mode windows-amd64 compressed oops)
Heap:
 PSYoungGen      total 147968K, used 15819K [0x00000000e0000000, 0x00000000eb780000, 0x0000000100000000)
  eden space 135168K, 11% used [0x00000000e0000000,0x00000000e0f72c48,0x00000000e8400000)
  from space 12800K, 0% used [0x00000000e8400000,0x00000000e8400000,0x00000000e9080000)
  to   space 12288K, 0% used [0x00000000eab80000,0x00000000eab80000,0x00000000eb780000)
 ParOldGen       total 50688K, used 30886K [0x00000000a0000000, 0x00000000a3180000, 0x00000000e0000000)
  object space 50688K, 60% used [0x00000000a0000000,0x00000000a1e29ac8,0x00000000a3180000)
 Metaspace       used 58005K, capacity 59896K, committed 59992K, reserved 1101824K
  class space    used 7863K, capacity 8295K, committed 8320K, reserved 1048576K
GC Heap History (10 events):
Event: 10.427 GC heap before
{Heap before GC invocations=16 (full 2):
 PSYoungGen      total 110592K, used 416K [0x00000000e0000000, 0x00000000e7b00000, 0x0000000100000000)
  eden space 102912K, 0% used [0x00000000e0000000,0x00000000e0000000,0x00000000e6480000)
  from space 7680K, 5% used [0x00000000e6c00000,0x00000000e6c68000,0x00000000e7380000)
  to   space 7680K, 0% used [0x00000000e6480000,0x00000000e6480000,0x00000000e6c00000)
 ParOldGen       total 32256K, used 16615K [0x00000000a0000000, 0x00000000a1f80000, 0x00000000e0000000)
  object space 32256K, 51% used [0x00000000a0000000,0x00000000a1039ce0,0x00000000a1f80000)
 Metaspace       used 34298K, capacity 35392K, committed 35456K, reserved 1079296K
  class space    used 4730K, capacity 4980K, committed 4992K, reserved 1048576K
Event: 10.597 GC heap after
Heap after GC invocations=16 (full 2):
 PSYoungGen      total 110592K, used 0K [0x00000000e0000000, 0x00000000e7b00000, 0x0000000100000000)
  eden space 102912K, 0% used [0x00000000e0000000,0x00000000e0000000,0x00000000e6480000)
  from space 7680K, 0% used [0x00000000e6c00000,0x00000000e6c00000,0x00000000e7380000)
  to   space 7680K, 0% used [0x00000000e6480000,0x00000000e6480000,0x00000000e6c00000)
 ParOldGen       total 50688K, used 15940K [0x00000000a0000000, 0x00000000a3180000, 0x00000000e0000000)
  object space 50688K, 31% used [0x00000000a0000000,0x00000000a0f911c8,0x00000000a3180000)
 Metaspace       used 34267K, capacity 35284K, committed 35456K, reserved 1079296K
  class space    used 4720K, capacity 4962K, committed 4992K, reserved 1048576K
}
Event: 12.508 GC heap before
{Heap before GC invocations=17 (full 2):
 PSYoungGen      total 110592K, used 102912K [0x00000000e0000000, 0x00000000e7b00000, 0x0000000100000000)
  eden space 102912K, 100% used [0x00000000e0000000,0x00000000e6480000,0x00000000e6480000)
  from space 7680K, 0% used [0x00000000e6c00000,0x00000000e6c00000,0x00000000e7380000)
  to   space 7680K, 0% used [0x00000000e6480000,0x00000000e6480000,0x00000000e6c00000)
 ParOldGen       total 50688K, used 15940K [0x00000000a0000000, 0x00000000a3180000, 0x00000000e0000000)
  object space 50688K, 31% used [0x00000000a0000000,0x00000000a0f911c8,0x00000000a3180000)
 Metaspace       used 44767K, capacity 46104K, committed 46336K, reserved 1089536K
  class space    used 6013K, capacity 6331K, committed 6400K, reserved 1048576K
Event: 12.585 GC heap after
Heap after GC invocations=17 (full 2):
 PSYoungGen      total 110592K, used 7675K [0x00000000e0000000, 0x00000000e9d80000, 0x0000000100000000)
  eden space 102912K, 0% used [0x00000000e0000000,0x00000000e0000000,0x00000000e6480000)
  from space 7680K, 99% used [0x00000000e6480000,0x00000000e6bfec38,0x00000000e6c00000)
  to   space 11264K, 0% used [0x00000000e9280000,0x00000000e9280000,0x00000000e9d80000)
 ParOldGen       total 50688K, used 22287K [0x00000000a0000000, 0x00000000a3180000, 0x00000000e0000000)
  object space 50688K, 43% used [0x00000000a0000000,0x00000000a15c3c00,0x00000000a3180000)
 Metaspace       used 44767K, capacity 46104K, committed 46336K, reserved 1089536K
  class space    used 6013K, capacity 6331K, committed 6400K, reserved 1048576K
}
Event: 16.388 GC heap before
{Heap before GC invocations=18 (full 2):
 PSYoungGen      total 110592K, used 110587K [0x00000000e0000000, 0x00000000e9d80000, 0x0000000100000000)
  eden space 102912K, 100% used [0x00000000e0000000,0x00000000e6480000,0x00000000e6480000)
  from space 7680K, 99% used [0x00000000e6480000,0x00000000e6bfec38,0x00000000e6c00000)
  to   space 11264K, 0% used [0x00000000e9280000,0x00000000e9280000,0x00000000e9d80000)
 ParOldGen       total 50688K, used 22287K [0x00000000a0000000, 0x00000000a3180000, 0x00000000e0000000)
  object space 50688K, 43% used [0x00000000a0000000,0x00000000a15c3c00,0x00000000a3180000)
 Metaspace       used 54198K, capacity 55922K, committed 56192K, reserved 1097728K
  class space    used 7300K, capacity 7729K, committed 7808K, reserved 1048576K
Event: 16.412 GC heap after
Heap after GC invocations=18 (full 2):
 PSYoungGen      total 145920K, used 10461K [0x00000000e0000000, 0x00000000e9d00000, 0x0000000100000000)
  eden space 135168K, 0% used [0x00000000e0000000,0x00000000e0000000,0x00000000e8400000)
  from space 10752K, 97% used [0x00000000e9280000,0x00000000e9cb7700,0x00000000e9d00000)
  to   space 12800K, 0% used [0x00000000e8400000,0x00000000e8400000,0x00000000e9080000)
 ParOldGen       total 50688K, used 28935K [0x00000000a0000000, 0x00000000a3180000, 0x00000000e0000000)
  object space 50688K, 57% used [0x00000000a0000000,0x00000000a1c41cb0,0x00000000a3180000)
 Metaspace       used 54198K, capacity 55922K, committed 56192K, reserved 1097728K
  class space    used 7300K, capacity 7729K, committed 7808K, reserved 1048576K
}
Event: 16.850 GC heap before
{Heap before GC invocations=19 (full 2):
 PSYoungGen      total 145920K, used 49520K [0x00000000e0000000, 0x00000000e9d00000, 0x0000000100000000)
  eden space 135168K, 28% used [0x00000000e0000000,0x00000000e2624aa0,0x00000000e8400000)
  from space 10752K, 97% used [0x00000000e9280000,0x00000000e9cb7700,0x00000000e9d00000)
  to   space 12800K, 0% used [0x00000000e8400000,0x00000000e8400000,0x00000000e9080000)
 ParOldGen       total 50688K, used 28935K [0x00000000a0000000, 0x00000000a3180000, 0x00000000e0000000)
  object space 50688K, 57% used [0x00000000a0000000,0x00000000a1c41cb0,0x00000000a3180000)
 Metaspace       used 57183K, capacity 59046K, committed 59096K, reserved 1099776K
  class space    used 7718K, capacity 8142K, committed 8192K, reserved 1048576K
Event: 16.862 GC heap after
Heap after GC invocations=19 (full 2):
 PSYoungGen      total 147968K, used 4838K [0x00000000e0000000, 0x00000000eb780000, 0x0000000100000000)
  eden space 135168K, 0% used [0x00000000e0000000,0x00000000e0000000,0x00000000e8400000)
  from space 12800K, 37% used [0x00000000e8400000,0x00000000e88b9b00,0x00000000e9080000)
  to   space 12288K, 0% used [0x00000000eab80000,0x00000000eab80000,0x00000000eb780000)
 ParOldGen       total 50688K, used 33319K [0x00000000a0000000, 0x00000000a3180000, 0x00000000e0000000)
  object space 50688K, 65% used [0x00000000a0000000,0x00000000a2089cb0,0x00000000a3180000)
 Metaspace       used 57183K, capacity 59046K, committed 59096K, reserved 1099776K
  class space    used 7718K, capacity 8142K, committed 8192K, reserved 1048576K
}
Event: 16.863 GC heap before
{Heap before GC invocations=20 (full 3):
 PSYoungGen      total 147968K, used 4838K [0x00000000e0000000, 0x00000000eb780000, 0x0000000100000000)
  eden space 135168K, 0% used [0x00000000e0000000,0x00000000e0000000,0x00000000e8400000)
  from space 12800K, 37% used [0x00000000e8400000,0x00000000e88b9b00,0x00000000e9080000)
  to   space 12288K, 0% used [0x00000000eab80000,0x00000000eab80000,0x00000000eb780000)
 ParOldGen       total 50688K, used 33319K [0x00000000a0000000, 0x00000000a3180000, 0x00000000e0000000)
  object space 50688K, 65% used [0x00000000a0000000,0x00000000a2089cb0,0x00000000a3180000)
 Metaspace       used 57183K, capacity 59046K, committed 59096K, reserved 1099776K
  class space    used 7718K, capacity 8142K, committed 8192K, reserved 1048576K
Event: 17.419 GC heap after
Heap after GC invocations=20 (full 3):
 PSYoungGen      total 147968K, used 0K [0x00000000e0000000, 0x00000000eb780000, 0x0000000100000000)
  eden space 135168K, 0% used [0x00000000e0000000,0x00000000e0000000,0x00000000e8400000)
  from space 12800K, 0% used [0x00000000e8400000,0x00000000e8400000,0x00000000e9080000)
  to   space 12288K, 0% used [0x00000000eab80000,0x00000000eab80000,0x00000000eb780000)
 ParOldGen       total 50688K, used 30886K [0x00000000a0000000, 0x00000000a3180000, 0x00000000e0000000)
  object space 50688K, 60% used [0x00000000a0000000,0x00000000a1e29ac8,0x00000000a3180000)
 Metaspace       used 57183K, capacity 59046K, committed 59096K, reserved 1099776K
  class space    used 7718K, capacity 8142K, committed 8192K, reserved 1048576K
}

